2017-09-15 17:09:23 - Exception-.ctor::Error=System.Data.Entity.Core.EntityCommandCompilationException: An error occurred while preparing the command definition. See the inner exception for details. ---> System.Data.Entity.Core.MappingException: 
GlamlyDB.msl(60,10) : error 3004: Problem in mapping fragments starting at line 60:No mapping specified for properties wp_glamly_servicesbookings.servicesWithType in Set wp_glamly_servicesbookings.
An Entity with Key (PK) will not round-trip when:
  Entity is type [GlamlyModel.wp_glamly_servicesbookings]

GlamlyDB.msl(264,10) : error 3031: Problem in mapping fragments starting at line 264:Non-nullable column wp_glamly_payment.bookingid in table wp_glamly_payment is mapped to a nullable entity property.

   at System.Data.Entity.Core.Mapping.StorageMappingItemCollection.ViewDictionary.SerializedGenerateViews(EntityContainerMapping entityContainerMap, Dictionary`2 resultDictionary)
   at System.Data.Entity.Core.Mapping.StorageMappingItemCollection.ViewDictionary.SerializedGetGeneratedViews(EntityContainer container)
   at System.Data.Entity.Core.Common.Utils.Memoizer`2.<>c__DisplayClass2.<Evaluate>b__0()
   at System.Data.Entity.Core.Common.Utils.Memoizer`2.Result.GetValue()
   at System.Data.Entity.Core.Common.Utils.Memoizer`2.Evaluate(TArg arg)
   at System.Data.Entity.Core.Mapping.StorageMappingItemCollection.ViewDictionary.GetGeneratedView(EntitySetBase extent, MetadataWorkspace workspace, StorageMappingItemCollection storageMappingItemCollection)
   at System.Data.Entity.Core.Metadata.Edm.MetadataWorkspace.GetGeneratedView(EntitySetBase extent)
   at System.Data.Entity.Core.Query.PlanCompiler.PreProcessor.ExpandView(ScanTableOp scanTableOp, IsOfOp& typeFilter)
   at System.Data.Entity.Core.Query.PlanCompiler.PreProcessor.ProcessScanTable(Node scanTableNode, ScanTableOp scanTableOp, IsOfOp& typeFilter)
   at System.Data.Entity.Core.Query.PlanCompiler.PreProcessor.Visit(ScanTableOp op, Node n)
   at System.Data.Entity.Core.Query.InternalTrees.ScanTableOp.Accept[TResultType](BasicOpVisitorOfT`1 v, Node n)
   at System.Data.Entity.Core.Query.InternalTrees.BasicOpVisitorOfT`1.VisitNode(Node n)
   at System.Data.Entity.Core.Query.PlanCompiler.SubqueryTrackingVisitor.VisitChildren(Node n)
   at System.Data.Entity.Core.Query.PlanCompiler.SubqueryTrackingVisitor.VisitRelOpDefault(RelOp op, Node n)
   at System.Data.Entity.Core.Query.PlanCompiler.PreProcessor.Visit(ProjectOp op, Node n)
   at System.Data.Entity.Core.Query.InternalTrees.ProjectOp.Accept[TResultType](BasicOpVisitorOfT`1 v, Node n)
   at System.Data.Entity.Core.Query.InternalTrees.BasicOpVisitorOfT`1.VisitNode(Node n)
   at System.Data.Entity.Core.Query.PlanCompiler.SubqueryTrackingVisitor.VisitChildren(Node n)
   at System.Data.Entity.Core.Query.InternalTrees.BasicOpVisitorOfNode.VisitDefault(Node n)
   at System.Data.Entity.Core.Query.InternalTrees.BasicOpVisitorOfNode.VisitPhysicalOpDefault(PhysicalOp op, Node n)
   at System.Data.Entity.Core.Query.InternalTrees.BasicOpVisitorOfT`1.Visit(PhysicalProjectOp op, Node n)
   at System.Data.Entity.Core.Query.InternalTrees.PhysicalProjectOp.Accept[TResultType](BasicOpVisitorOfT`1 v, Node n)
   at System.Data.Entity.Core.Query.InternalTrees.BasicOpVisitorOfT`1.VisitNode(Node n)
   at System.Data.Entity.Core.Query.PlanCompiler.PreProcessor.Process(Dictionary`2& tvfResultKeys)
   at System.Data.Entity.Core.Query.PlanCompiler.PreProcessor.Process(PlanCompiler planCompilerState, StructuredTypeInfo& typeInfo, Dictionary`2& tvfResultKeys)
   at System.Data.Entity.Core.Query.PlanCompiler.PlanCompiler.Compile(List`1& providerCommands, ColumnMap& resultColumnMap, Int32& columnCount, Set`1& entitySets)
   at System.Data.Entity.Core.Query.PlanCompiler.PlanCompiler.Compile(DbCommandTree ctree, List`1& providerCommands, ColumnMap& resultColumnMap, Int32& columnCount, Set`1& entitySets)
   at System.Data.Entity.Core.EntityClient.Internal.EntityCommandDefinition..ctor(DbProviderFactory storeProviderFactory, DbCommandTree commandTree, DbInterceptionContext interceptionContext, IDbDependencyResolver resolver, BridgeDataReaderFactory bridgeDataReaderFactory, ColumnMapFactory columnMapFactory)
   --- End of inner exception stack trace ---
   at System.Data.Entity.Core.EntityClient.Internal.EntityCommandDefinition..ctor(DbProviderFactory storeProviderFactory, DbCommandTree commandTree, DbInterceptionContext interceptionContext, IDbDependencyResolver resolver, BridgeDataReaderFactory bridgeDataReaderFactory, ColumnMapFactory columnMapFactory)
   at System.Data.Entity.Core.EntityClient.Internal.EntityProviderServices.CreateDbCommandDefinition(DbProviderManifest providerManifest, DbCommandTree commandTree, DbInterceptionContext interceptionContext)
   at System.Data.Entity.Core.Common.DbProviderServices.CreateCommandDefinition(DbCommandTree commandTree, DbInterceptionContext interceptionContext)
   at System.Data.Entity.Core.Objects.Internal.ObjectQueryExecutionPlanFactory.CreateCommandDefinition(ObjectContext context, DbQueryCommandTree tree)
   at System.Data.Entity.Core.Objects.Internal.ObjectQueryExecutionPlanFactory.Prepare(ObjectContext context, DbQueryCommandTree tree, Type elementType, MergeOption mergeOption, Boolean streaming, Span span, IEnumerable`1 compiledQueryParameters, AliasGenerator aliasGenerator)
   at System.Data.Entity.Core.Objects.EntitySqlQueryState.GetExecutionPlan(Nullable`1 forMergeOption)
   at System.Data.Entity.Core.Objects.ObjectQuery`1.<>c__DisplayClass7.<GetResults>b__6()
   at System.Data.Entity.Core.Objects.ObjectContext.ExecuteInTransaction[T](Func`1 func, IDbExecutionStrategy executionStrategy, Boolean startLocalTransaction, Boolean releaseConnectionOnSuccess)
   at System.Data.Entity.Core.Objects.ObjectQuery`1.<>c__DisplayClass7.<GetResults>b__5()
   at System.Data.Entity.Infrastructure.DefaultExecutionStrategy.Execute[TResult](Func`1 operation)
   at System.Data.Entity.Core.Objects.ObjectQuery`1.GetResults(Nullable`1 forMergeOption)
   at System.Data.Entity.Core.Objects.ObjectQuery`1.<System.Collections.Generic.IEnumerable<T>.GetEnumerator>b__0()
   at System.Data.Entity.Internal.LazyEnumerator`1.MoveNext()
   at System.Collections.Generic.List`1..ctor(IEnumerable`1 collection)
   at System.Linq.Enumerable.ToList[TSource](IEnumerable`1 source)
   at GlamlyServices.Services.UserServices.GetServices() in D:\Glamly API\GlamlyWebAPI\Glamly\GlamlyServices\Services\UserServices.cs:line 166
   at GlamlyWebAPI.Controllers.UsersController.GetServices() in D:\Glamly API\GlamlyWebAPI\Glamly\GlamlyWebAPI\Controllers\UsersController.cs:line 512
